May 26, 2023 4:27:52 PM org.apache.coyote.AbstractProtocol init
INFO: Initializing ProtocolHandler ["http-nio-8000"]
May 26, 2023 4:27:52 PM org.apache.tomcat.util.net.NioSelectorPool getSharedSelector
INFO: Using a shared selector for servlet write/read
May 26, 2023 4:27:52 PM org.apache.catalina.core.StandardService startInternal
INFO: Starting service [Tomcat]
May 26, 2023 4:27:52 PM org.apache.catalina.core.StandardEngine startInternal
INFO: Starting Servlet engine: [Apache Tomcat/8.5.69]
May 26, 2023 4:27:52 PM org.apache.coyote.AbstractProtocol start
INFO: Starting ProtocolHandler ["http-nio-8000"]
May 26, 2023 4:28:32 PM exercise.servlet.SessionServlet login
INFO: devin.rosenbaum@hotmail.com
May 26, 2023 4:40:49 PM org.apache.coyote.AbstractProtocol init
INFO: Initializing ProtocolHandler ["http-nio-8000"]
May 26, 2023 4:40:49 PM org.apache.tomcat.util.net.NioSelectorPool getSharedSelector
INFO: Using a shared selector for servlet write/read
May 26, 2023 4:40:49 PM org.apache.catalina.core.StandardService startInternal
INFO: Starting service [Tomcat]
May 26, 2023 4:40:49 PM org.apache.catalina.core.StandardEngine startInternal
INFO: Starting Servlet engine: [Apache Tomcat/8.5.69]
May 26, 2023 4:40:50 PM org.apache.coyote.AbstractProtocol start
INFO: Starting ProtocolHandler ["http-nio-8000"]
May 26, 2023 4:50:45 PM org.apache.coyote.AbstractProtocol init
INFO: Initializing ProtocolHandler ["http-nio-8000"]
May 26, 2023 4:50:45 PM org.apache.tomcat.util.net.NioSelectorPool getSharedSelector
INFO: Using a shared selector for servlet write/read
May 26, 2023 4:50:45 PM org.apache.catalina.core.StandardService startInternal
INFO: Starting service [Tomcat]
May 26, 2023 4:50:45 PM org.apache.catalina.core.StandardEngine startInternal
INFO: Starting Servlet engine: [Apache Tomcat/8.5.69]
May 26, 2023 4:50:45 PM org.apache.coyote.AbstractProtocol start
INFO: Starting ProtocolHandler ["http-nio-8000"]
May 26, 2023 4:51:10 PM exercise.servlet.SessionServlet login
INFO: VicExample@gmail.com
May 26, 2023 4:51:20 PM exercise.servlet.SessionServlet login
INFO: VicExample@gmail.com
May 26, 2023 4:51:52 PM exercise.servlet.SessionServlet login
INFO: Vic@gmail.com
May 26, 2023 4:55:07 PM org.apache.coyote.AbstractProtocol init
INFO: Initializing ProtocolHandler ["http-nio-8000"]
May 26, 2023 4:55:07 PM org.apache.tomcat.util.net.NioSelectorPool getSharedSelector
INFO: Using a shared selector for servlet write/read
May 26, 2023 4:55:07 PM org.apache.catalina.core.StandardService startInternal
INFO: Starting service [Tomcat]
May 26, 2023 4:55:07 PM org.apache.catalina.core.StandardEngine startInternal
INFO: Starting Servlet engine: [Apache Tomcat/8.5.69]
May 26, 2023 4:55:07 PM org.apache.coyote.AbstractProtocol start
INFO: Starting ProtocolHandler ["http-nio-8000"]
May 26, 2023 5:01:24 PM org.apache.coyote.AbstractProtocol init
INFO: Initializing ProtocolHandler ["http-nio-8000"]
May 26, 2023 5:01:24 PM org.apache.tomcat.util.net.NioSelectorPool getSharedSelector
INFO: Using a shared selector for servlet write/read
May 26, 2023 5:01:24 PM org.apache.catalina.core.StandardService startInternal
INFO: Starting service [Tomcat]
May 26, 2023 5:01:24 PM org.apache.catalina.core.StandardEngine startInternal
INFO: Starting Servlet engine: [Apache Tomcat/8.5.69]
May 26, 2023 5:01:24 PM org.apache.coyote.AbstractProtocol start
INFO: Starting ProtocolHandler ["http-nio-8000"]
May 26, 2023 5:01:52 PM org.apache.catalina.core.StandardWrapperValve invoke
SEVERE: Servlet.service() for servlet [UsersServlet] in context with path [] threw exception
java.lang.NullPointerException: Cannot invoke "String.hashCode()" because "<local4>" is null
	at exercise.servlet.UsersServlet.doGet(UsersServlet.java:47)
	at javax.servlet.http.HttpServlet.service(HttpServlet.java:655)
	at javax.servlet.http.HttpServlet.service(HttpServlet.java:764)
	at org.apache.catalina.core.ApplicationFilterChain.internalDoFilter(ApplicationFilterChain.java:232)
	at org.apache.catalina.core.ApplicationFilterChain.doFilter(ApplicationFilterChain.java:167)
	at org.apache.catalina.core.StandardWrapperValve.invoke(StandardWrapperValve.java:202)
	at org.apache.catalina.core.StandardContextValve.invoke(StandardContextValve.java:97)
	at org.apache.catalina.authenticator.AuthenticatorBase.invoke(AuthenticatorBase.java:544)
	at org.apache.catalina.core.StandardHostValve.invoke(StandardHostValve.java:143)
	at org.apache.catalina.valves.ErrorReportValve.invoke(ErrorReportValve.java:81)
	at org.apache.catalina.core.StandardEngineValve.invoke(StandardEngineValve.java:78)
	at org.apache.catalina.connector.CoyoteAdapter.service(CoyoteAdapter.java:364)
	at org.apache.coyote.http11.Http11Processor.service(Http11Processor.java:624)
	at org.apache.coyote.AbstractProcessorLight.process(AbstractProcessorLight.java:65)
	at org.apache.coyote.AbstractProtocol$ConnectionHandler.process(AbstractProtocol.java:831)
	at org.apache.tomcat.util.net.NioEndpoint$SocketProcessor.doRun(NioEndpoint.java:1651)
	at org.apache.tomcat.util.net.SocketProcessorBase.run(SocketProcessorBase.java:49)
	at java.base/java.util.concurrent.ThreadPoolExecutor.runWorker(ThreadPoolExecutor.java:1136)
	at java.base/java.util.concurrent.ThreadPoolExecutor$Worker.run(ThreadPoolExecutor.java:635)
	at org.apache.tomcat.util.threads.TaskThread$WrappingRunnable.run(TaskThread.java:61)
	at java.base/java.lang.Thread.run(Thread.java:833)

May 26, 2023 5:02:32 PM org.apache.coyote.AbstractProtocol init
INFO: Initializing ProtocolHandler ["http-nio-8000"]
May 26, 2023 5:02:32 PM org.apache.tomcat.util.net.NioSelectorPool getSharedSelector
INFO: Using a shared selector for servlet write/read
May 26, 2023 5:02:32 PM org.apache.catalina.core.StandardService startInternal
INFO: Starting service [Tomcat]
May 26, 2023 5:02:32 PM org.apache.catalina.core.StandardEngine startInternal
INFO: Starting Servlet engine: [Apache Tomcat/8.5.69]
May 26, 2023 5:02:32 PM org.apache.coyote.AbstractProtocol start
INFO: Starting ProtocolHandler ["http-nio-8000"]
May 26, 2023 5:10:08 PM org.apache.coyote.AbstractProtocol init
INFO: Initializing ProtocolHandler ["http-nio-8000"]
May 26, 2023 5:10:08 PM org.apache.tomcat.util.net.NioSelectorPool getSharedSelector
INFO: Using a shared selector for servlet write/read
May 26, 2023 5:10:08 PM org.apache.catalina.core.StandardService startInternal
INFO: Starting service [Tomcat]
May 26, 2023 5:10:08 PM org.apache.catalina.core.StandardEngine startInternal
INFO: Starting Servlet engine: [Apache Tomcat/8.5.69]
May 26, 2023 5:10:08 PM org.apache.coyote.AbstractProtocol start
INFO: Starting ProtocolHandler ["http-nio-8000"]
May 26, 2023 5:12:00 PM org.apache.coyote.AbstractProtocol init
INFO: Initializing ProtocolHandler ["http-nio-8000"]
May 26, 2023 5:12:00 PM org.apache.tomcat.util.net.NioSelectorPool getSharedSelector
INFO: Using a shared selector for servlet write/read
May 26, 2023 5:12:00 PM org.apache.catalina.core.StandardService startInternal
INFO: Starting service [Tomcat]
May 26, 2023 5:12:00 PM org.apache.catalina.core.StandardEngine startInternal
INFO: Starting Servlet engine: [Apache Tomcat/8.5.69]
May 26, 2023 5:12:00 PM org.apache.coyote.AbstractProtocol start
INFO: Starting ProtocolHandler ["http-nio-8000"]
May 26, 2023 5:18:08 PM org.apache.coyote.AbstractProtocol init
INFO: Initializing ProtocolHandler ["http-nio-8000"]
May 26, 2023 5:18:08 PM org.apache.tomcat.util.net.NioSelectorPool getSharedSelector
INFO: Using a shared selector for servlet write/read
May 26, 2023 5:18:08 PM org.apache.catalina.core.StandardService startInternal
INFO: Starting service [Tomcat]
May 26, 2023 5:18:08 PM org.apache.catalina.core.StandardEngine startInternal
INFO: Starting Servlet engine: [Apache Tomcat/8.5.69]
May 26, 2023 5:18:08 PM org.apache.coyote.AbstractProtocol start
INFO: Starting ProtocolHandler ["http-nio-8000"]
